<?xml version="1.0" encoding="UTF-8"?>
<!-- Generated by org.testng.reporters.JUnitXMLReporter -->
<testsuite hostname="DESKTOP-4F0AOFN" failures="2" tests="2" name="Error Login feature Test" time="21.443" errors="0" timestamp="5 Feb 2025 09:59:51 GMT">
  <testcase classname="seleniumframework.Tests.Errorlogin" name="errorLogin2" time="1.578">
    <failure type="java.lang.AssertionError" message="expected [Incorrect email or password.] but found [Incorrect email o password.]">
      <![CDATA[java.lang.AssertionError: expected [Incorrect email or password.] but found [Incorrect email o password.]
	at seleniumframework.Tests.Errorlogin.errorLogin2(Errorlogin.java:36)
... Removed 29 stack frames]]>
    </failure>
  </testcase> <!-- errorLogin2 -->
  <testcase classname="seleniumframework.Tests.Errorlogin" name="errorLogin2" time="0.734">
    <failure type="java.lang.AssertionError" message="expected [Incorrect email or password.] but found [Incorrect email o password.]">
      <![CDATA[java.lang.AssertionError: expected [Incorrect email or password.] but found [Incorrect email o password.]
	at seleniumframework.Tests.Errorlogin.errorLogin2(Errorlogin.java:36)
... Removed 29 stack frames]]>
    </failure>
  </testcase> <!-- errorLogin2 -->
</testsuite> <!-- Error Login feature Test -->
