<?xml version="1.0" encoding="UTF-8"?>
<!-- Generated by org.testng.reporters.JUnitXMLReporter -->
<testsuite hostname="DESKTOP-4F0AOFN" failures="0" tests="3" name="Login feature Test" time="25.426" errors="0" timestamp="4 Feb 2025 10:30:25 GMT">
  <testcase classname="seleniumframework.Tests.Errorlogin" name="errorLogin2" time="1.292"/>
  <testcase classname="seleniumframework.Tests.Purchaseordersuccess" name="successfulLogin" time="3.256"/>
  <testcase classname="seleniumframework.Tests.Errorlogin" name="errorLogin2" time="0.792"/>
</testsuite> <!-- Login feature Test -->
