<?xml version="1.0" encoding="UTF-8"?>
<!-- Generated by org.testng.reporters.JUnitXMLReporter -->
<testsuite hostname="DESKTOP-4F0AOFN" failures="0" tests="3" name="Default test" time="31.632" errors="0" timestamp="8 Feb 2025 12:26:34 GMT">
  <testcase classname="CucumberFeature.TestNGTestRunner2" name="runScenario" time="9.103"/>
  <testcase classname="CucumberFeature.TestNGTestRunner2" name="runScenario" time="8.929"/>
  <testcase classname="CucumberFeature.TestNGTestRunner2" name="runScenario" time="12.261"/>
</testsuite> <!-- Default test -->
