<?xml version="1.0" encoding="UTF-8"?>
<!-- Generated by org.testng.reporters.JUnitXMLReporter -->
<testsuite hostname="DESKTOP-4F0AOFN" failures="0" tests="4" name="Test" time="76.427" errors="0" timestamp="4 Feb 2025 06:52:46 GMT">
  <testcase classname="seleniumframework.Tests.Purchaseordersuccess" name="Ordersubmit" time="20.349"/>
  <testcase classname="seleniumframework.Tests.Purchaseordersuccess" name="productVerifyFail" time="19.539"/>
  <testcase classname="seleniumframework.Tests.Purchaseordersuccess" name="successfulLogin" time="2.225"/>
  <testcase classname="seleniumframework.Tests.Errorlogin" name="errorLogin" time="0.737"/>
</testsuite> <!-- Test -->
