<?xml version="1.0" encoding="UTF-8"?>
<testng-results total="3" passed="3" failed="0" skipped="0">
  <reporter-output>
  </reporter-output>
  <suite started-at="2025-02-08T12:26:03Z" name="Default suite" finished-at="2025-02-08T12:26:34Z" duration-ms="31632">
    <groups>
      <group name="cucumber">
        <method signature="AbstractTestNGCucumberTests.runScenario(io.cucumber.testng.PickleWrapper, io.cucumber.testng.FeatureWrapper)[pri:0, instance:CucumberFeature.TestNGTestRunner2@141e5bef]" name="runScenario" class="io.cucumber.testng.AbstractTestNGCucumberTests"/>
      </group> <!-- cucumber -->
    </groups>
    <test started-at="2025-02-08T12:26:03Z" name="Default test" finished-at="2025-02-08T12:26:34Z" duration-ms="31632">
      <class name="CucumberFeature.TestNGTestRunner2">
        <test-method is-config="true" signature="setUpClass(org.testng.ITestContext)[pri:0, instance:CucumberFeature.TestNGTestRunner2@141e5bef]" started-at="2025-02-08T17:56:03Z" name="setUpClass" finished-at="2025-02-08T17:56:04Z" duration-ms="1254" status="PASS">
          <params>
            <param index="0">
              <value>
                <![CDATA[org.testng.TestRunner@4dd90166]]>
              </value>
            </param>
          </params>
          <reporter-output>
          </reporter-output>
        </test-method> <!-- setUpClass -->
        <test-method signature="runScenario(io.cucumber.testng.PickleWrapper, io.cucumber.testng.FeatureWrapper)[pri:0, instance:CucumberFeature.TestNGTestRunner2@141e5bef]" started-at="2025-02-08T17:56:04Z" name="runScenario" description="Runs Cucumber Scenarios" data-provider="scenarios" finished-at="2025-02-08T17:56:13Z" duration-ms="9103" status="PASS">
          <params>
            <param index="0">
              <value>
                <![CDATA["Failed to login to Ecommerce application"]]>
              </value>
            </param>
            <param index="1">
              <value>
                <![CDATA["Ecommerce login feature validation"]]>
              </value>
            </param>
          </params>
          <reporter-output>
          </reporter-output>
        </test-method> <!-- runScenario -->
        <test-method signature="runScenario(io.cucumber.testng.PickleWrapper, io.cucumber.testng.FeatureWrapper)[pri:0, instance:CucumberFeature.TestNGTestRunner2@141e5bef]" started-at="2025-02-08T17:56:13Z" name="runScenario" description="Runs Cucumber Scenarios" data-provider="scenarios" finished-at="2025-02-08T17:56:22Z" duration-ms="8929" status="PASS">
          <params>
            <param index="0">
              <value>
                <![CDATA["Failed to login to Ecommerce application"]]>
              </value>
            </param>
            <param index="1">
              <value>
                <![CDATA["Ecommerce login feature validation"]]>
              </value>
            </param>
          </params>
          <reporter-output>
          </reporter-output>
        </test-method> <!-- runScenario -->
        <test-method signature="runScenario(io.cucumber.testng.PickleWrapper, io.cucumber.testng.FeatureWrapper)[pri:0, instance:CucumberFeature.TestNGTestRunner2@141e5bef]" started-at="2025-02-08T17:56:22Z" name="runScenario" description="Runs Cucumber Scenarios" data-provider="scenarios" finished-at="2025-02-08T17:56:34Z" duration-ms="12261" status="PASS">
          <params>
            <param index="0">
              <value>
                <![CDATA["successful login to Ecommerce application"]]>
              </value>
            </param>
            <param index="1">
              <value>
                <![CDATA["Ecommerce login feature validation"]]>
              </value>
            </param>
          </params>
          <reporter-output>
          </reporter-output>
        </test-method> <!-- runScenario -->
        <test-method is-config="true" signature="tearDownClass()[pri:0, instance:CucumberFeature.TestNGTestRunner2@141e5bef]" started-at="2025-02-08T17:56:34Z" name="tearDownClass" finished-at="2025-02-08T17:56:34Z" duration-ms="52" status="PASS">
          <reporter-output>
          </reporter-output>
        </test-method> <!-- tearDownClass -->
      </class> <!-- CucumberFeature.TestNGTestRunner2 -->
    </test> <!-- Default test -->
  </suite> <!-- Default suite -->
</testng-results>
